app/build/outputs/logs/manifest-merger-debug-report.txt
-- Merging decision tree log ---
manifest
ADDED from src\main\AndroidManifest.xml:2:1-54:12
	package
		ADDED from src\main\AndroidManifest.xml:3:5-45
		INJECTED from src\main\AndroidManifest.xml
		INJECTED from src\main\AndroidManifest.xml
	android:versionName
		ADDED from src\main\AndroidManifest.xml:5:5-30
	android:versionCode
		ADDED from src\main\AndroidManifest.xml:4:5-28
		INJECTED from src\main\AndroidManifest.xml
		INJECTED from src\main\AndroidManifest.xml
	xmlns:android
		ADDED from src\main\AndroidManifest.xml:2:11-69
uses-permission#android.permission.READ_SMS
ADDED from src\main\AndroidManifest.xml:7:5-67
	android:name
		ADDED from src\main\AndroidManifest.xml:7:22-64
uses-permission#android.permission.RECEIVE_SMS
ADDED from src\main\AndroidManifest.xml:8:5-70
	android:name
		ADDED from src\main\AndroidManifest.xml:8:22-67
uses-permission#android.permission.SEND_SMS
ADDED from src\main\AndroidManifest.xml:9:5-66
	android:name
		ADDED from src\main\AndroidManifest.xml:9:22-64
application
ADDED from src\main\AndroidManifest.xml:11:5-52:19
MERGED from [com.android.support:appcompat-v7:23.1.1] AndroidManifest.xml:22:5-20
MERGED from [com.android.support:support-v4:23.1.1] AndroidManifest.xml:22:5-20
MERGED from [com.android.support:design:23.1.1] AndroidManifest.xml:22:5-20
MERGED from [com.android.support:appcompat-v7:23.1.1] AndroidManifest.xml:22:5-20
MERGED from [com.android.support:support-v4:23.1.1] AndroidManifest.xml:22:5-20
MERGED from [com.android.support:support-v4:23.1.1] AndroidManifest.xml:22:5-20
MERGED from [com.android.support:support-v4:23.1.1] AndroidManifest.xml:22:5-20
MERGED from [com.android.support:support-v4:23.1.1] AndroidManifest.xml:22:5-20
	android:label
		ADDED from src\main\AndroidManifest.xml:14:9-41
	android:allowBackup
		ADDED from src\main\AndroidManifest.xml:12:9-35
	android:icon
		ADDED from src\main\AndroidManifest.xml:13:9-44
	android:theme
		ADDED from src\main\AndroidManifest.xml:15:9-45
activity#br.com.saturno.android.mymoney.Activities.MainActivity
ADDED from src\main\AndroidManifest.xml:16:9-24:20
	android:label
		ADDED from src\main\AndroidManifest.xml:18:13-45
	android:name
		ADDED from src\main\AndroidManifest.xml:17:13-52
intent-filter#android.intent.action.MAIN+android.intent.category.LAUNCHER
ADDED from src\main\AndroidManifest.xml:19:13-23:29
action#android.intent.action.MAIN
ADDED from src\main\AndroidManifest.xml:20:17-69
	android:name
		ADDED from src\main\AndroidManifest.xml:20:25-66
category#android.intent.category.LAUNCHER
ADDED from src\main\AndroidManifest.xml:22:17-77
	android:name
		ADDED from src\main\AndroidManifest.xml:22:27-74
activity#br.com.saturno.android.mymoney.Activities.CategoryActivity
ADDED from src\main\AndroidManifest.xml:25:9-28:20
	android:label
		ADDED from src\main\AndroidManifest.xml:27:13-60
	android:name
		ADDED from src\main\AndroidManifest.xml:26:13-56
activity#br.com.saturno.android.mymoney.Activities.AccountActivity
ADDED from src\main\AndroidManifest.xml:29:9-32:20
	android:label
		ADDED from src\main\AndroidManifest.xml:31:13-59
	android:name
		ADDED from src\main\AndroidManifest.xml:30:13-55
activity#br.com.saturno.android.mymoney.Activities.ViewAllTransactionsActivity
ADDED from src\main\AndroidManifest.xml:33:9-36:20
	android:label
		ADDED from src\main\AndroidManifest.xml:35:13-73
	android:name
		ADDED from src\main\AndroidManifest.xml:34:13-67
receiver#br.com.saturno.android.mymoney.SMSHandler.SMSHandlerBroadcastReceiver
ADDED from src\main\AndroidManifest.xml:38:9-46:20
	android:enabled
		ADDED from src\main\AndroidManifest.xml:40:13-35
	android:exported
		ADDED from src\main\AndroidManifest.xml:41:13-36
	android:name
		ADDED from src\main\AndroidManifest.xml:39:13-67
intent-filter#android.provider.Telephony.SMS_RECEIVED
ADDED from src\main\AndroidManifest.xml:42:13-45:29
action#android.provider.Telephony.SMS_RECEIVED
ADDED from src\main\AndroidManifest.xml:43:17-44:26
	android:name
		ADDED from src\main\AndroidManifest.xml:43:25-79
activity#br.com.saturno.android.mymoney.Activities.TransactionActivity
ADDED from src\main\AndroidManifest.xml:48:9-51:20
	android:label
		ADDED from src\main\AndroidManifest.xml:50:13-63
	android:name
		ADDED from src\main\AndroidManifest.xml:49:13-59
uses-sdk
INJECTED from src\main\AndroidManifest.xml reason: use-sdk injection requested
MERGED from [com.android.support:appcompat-v7:23.1.1] AndroidManifest.xml:20:5-43
MERGED from [com.android.support:support-v4:23.1.1] AndroidManifest.xml:20:5-43
MERGED from [com.android.support:design:23.1.1] AndroidManifest.xml:20:5-43
MERGED from [com.android.support:appcompat-v7:23.1.1] AndroidManifest.xml:20:5-43
MERGED from [com.android.support:support-v4:23.1.1] AndroidManifest.xml:20:5-43
MERGED from [com.android.support:recyclerview-v7:23.1.1] AndroidManifest.xml:20:5-43
MERGED from [com.android.support:support-v4:23.1.1] AndroidManifest.xml:20:5-43
MERGED from [com.android.support:support-v4:23.1.1] AndroidManifest.xml:20:5-43
MERGED from [com.android.support:support-v4:23.1.1] AndroidManifest.xml:20:5-43
	android:targetSdkVersion
		INJECTED from src\main\AndroidManifest.xml
		INJECTED from src\main\AndroidManifest.xml
	android:minSdkVersion
		INJECTED from src\main\AndroidManifest.xml
		INJECTED from src\main\AndroidManifest.xml